app/proguard/seeds.txt
com.example.demoapplication.navigation.WindowNavHostFragment
com.example.demoapplication.MyApplication
com.example.demoapplication.navigation.WindowFrameLayout
com.example.demoapplication.navigation.SumFragmentNavigator
com.example.demoapplication.SplashActivity
com.example.demoapplication.MainActivity
com.example.demoapplication.R$id: int lottie
com.example.demoapplication.R$id: int navi_home
com.example.demoapplication.R$id: int navi_news
com.example.demoapplication.R$id: int navi_square
com.example.demoapplication.R$navigation: int navi_host
com.example.demoapplication.R$id: int navi_me
com.example.demoapplication.R$id: int nav_host_fragment_activity_main
com.example.demoapplication.R$id: int nav_view
com.example.demoapplication.R$id: int navi_host
com.example.demoapplication.SplashActivity: SplashActivity()
com.example.demoapplication.MyApplication: MyApplication()
com.example.demoapplication.navigation.WindowNavHostFragment: WindowNavHostFragment()
com.example.demoapplication.navigation.WindowFrameLayout: WindowFrameLayout(android.content.Context,android.util.AttributeSet,int)
com.example.demoapplication.MainActivity: MainActivity()
...
com.google.android.material.R$dimen: int m3_comp_secondary_navigation_tab_focus_state_layer_opacity
com.google.android.material.R$style: int Widget_AppCompat_ListMenuView
com.google.android.material.R$style: int Widget_MaterialComponents_ActionBar_Solid
com.google.android.material.R$attr: int textLocale
com.google.android.material.R$style: int TextAppearance_Material3_SearchView_Prefix
com.google.android.material.R$id: int view_tree_view_model_store_owner
com.airbnb.lottie.R$attr: int listPreferredItemPaddingStart
com.google.android.material.R$attr: int startIconMinSize
androidx.appcompat.resources.R$styleable: int StateListDrawable_android_dither
com.airbnb.lottie.R$attr: int textAppearanceSearchResultTitle
androidx.appcompat.R$styleable: int LinearLayoutCompat_android_weightSum
com.google.android.material.R$layout: int abc_action_menu_layout
androidx.coordinatorlayout.R$styleable: int GradientColor_android_startColor
com.airbnb.lottie.R$styleable: int LottieAnimationView_lottie_defaultFontFileExtension
com.google.android.material.R$dimen: int abc_dialog_list_padding_bottom_no_buttons
androidx.constraintlayout.widget.R$styleable: int AppCompatTheme_windowActionBar
com.google.android.material.R$styleable: int Toolbar_contentInsetRight
com.google.android.material.R$styleable: int AppBarLayout_liftOnScrollColor
com.google.android.material.R$color: int m3_ref_palette_dynamic_neutral17
com.google.android.material.R$drawable: int abc_item_background_holo_dark
com.google.android.material.R$attr: int checkedTextViewStyle
com.google.android.material.R$styleable: int ImageFilterView_contrast
com.google.android.material.R$attr: int transitionFlags
com.google.android.material.R$id: int password_toggle
androidx.coordinatorlayout.R$styleable: int CoordinatorLayout_statusBarBackground
com.google.android.material.R$attr: int itemMaxLines
androidx.recyclerview.R$styleable: int RecyclerView_stackFromEnd
com.google.android.material.R$dimen: int mtrl_btn_disabled_elevation
com.google.android.material.R$id: int text
com.google.android.material.R$style: int ThemeOverlay_Material3_AutoCompleteTextView_OutlinedBox
com.google.android.material.R$style: int TextAppearance_MaterialComponents_Subtitle1
com.google.android.material.R$dimen: int m3_fab_translation_z_pressed
com.google.android.material.R$styleable: int[] TextInputLayout
androidx.navigation.NavController$restoreStateInternal$1: java.lang.String $backStackId
com.airbnb.lottie.model.content.ShapeStroke$LineJoinType: com.airbnb.lottie.model.content.ShapeStroke$LineJoinType MITER
com.google.android.material.R$style: int TextAppearance_AppCompat_Light_SearchResult_Subtitle
androidx.constraintlayout.widget.R$styleable: int LinearLayoutCompat_showDividers
androidx.constraintlayout.widget.R$id: int search_voice_btn
com.google.android.material.R$dimen: int m3_comp_switch_unselected_hover_state_layer_opacity
com.google.android.material.R$dimen: int m3_sys_motion_easing_legacy_accelerate_control_y1
androidx.appcompat.R$styleable: int AppCompatTheme_textAppearancePopupMenuHeader
com.airbnb.lottie.R$styleable: int SearchView_useDrawerArrowDrawable
androidx.constraintlayout.widget.R$styleable: int ConstraintLayout_Layout_layout_constraintWidth_min
com.google.android.material.R$style: int Widget_Material3_MaterialCalendar_Year
com.google.android.material.R$string: int mtrl_picker_confirm
androidx.appcompat.R$attr: int preserveIconSpacing
com.google.android.material.R$id: int stretch
androidx.drawerlayout.R$styleable: int GradientColor_android_tileMode
androidx.compose.ui.R$id: int accessibility_custom_action_1
androidx.compose.ui.platform.CompositionLocalsKt$ProvideCommonCompositionLocals$1: int $$changed
androidx.constraintlayout.widget.R$styleable: int MotionLayout_applyMotionScene
androidx.constraintlayout.widget.R$id: int action_image
com.google.android.material.R$style: int Widget_Material3_AppBarLayout
androidx.constraintlayout.widget.R$id: int rectangles