app/proguard/unused.txt
com.example.demoapplication.ComposableSingletons$DemoAppKt$lambda-1$1
com.example.demoapplication.ComposableSingletons$DemoAppKt
com.example.demoapplication.DemoAppKt$DemoApp$1
com.example.demoapplication.DemoAppKt
com.example.demoapplication.MyApplication:
    public static final int $stable
com.example.demoapplication.R$color
com.example.demoapplication.R$drawable
com.example.demoapplication.R$id:
    private void <init>()
com.example.demoapplication.R$layout
com.example.demoapplication.R$menu
com.example.demoapplication.R$mipmap
com.example.demoapplication.R$navigation:
    private void <init>()
com.example.demoapplication.R$string
com.example.demoapplication.R$style
com.example.demoapplication.R$xml
com.example.demoapplication.R
com.example.demoapplication.SplashActivity:
    public static final int $stable
com.example.demoapplication.databinding.ActivityMainBinding:
    private final androidx.constraintlayout.widget.ConstraintLayout rootView
    private void <init>(androidx.constraintlayout.widget.ConstraintLayout,com.google.android.material.bottomnavigation.BottomNavigationView)
    public static com.example.demoapplication.databinding.ActivityMainBinding bind(android.view.View)
    public synthetic bridge android.view.View getRoot()
    public androidx.constraintlayout.widget.ConstraintLayout getRoot()
    public static com.example.demoapplication.databinding.ActivityMainBinding inflate(android.view.LayoutInflater)
    public static com.example.demoapplication.databinding.ActivityMainBinding inflate(android.view.LayoutInflater,android.view.ViewGroup,boolean)
com.example.demoapplication.databinding.ActivitySplashBinding:
    private final android.widget.LinearLayout rootView
    private void <init>(android.widget.LinearLayout,com.airbnb.lottie.LottieAnimationView)
    public static com.example.demoapplication.databinding.ActivitySplashBinding bind(android.view.View)
    public synthetic bridge android.view.View getRoot()
    public android.widget.LinearLayout getRoot()
    public static com.example.demoapplication.databinding.ActivitySplashBinding inflate(android.view.LayoutInflater)
    public static com.example.demoapplication.databinding.ActivitySplashBinding inflate(android.view.LayoutInflater,android.view.ViewGroup,boolean)
com.example.demoapplication.navigation.WindowFrameLayout:
    public static final int $stable
com.example.demoapplication.navigation.WindowNavHostFragment:
    public static final int $stable
com.example.demoapplication.ui.theme.ColorKt
com.example.demoapplication.ui.theme.ThemeKt$DemoApplicationTheme$1
com.example.demoapplication.ui.theme.ThemeKt
com.example.demoapplication.ui.theme.TypeKt
com.example.demoapplication.MainActivity:
    public static final int $stable
com.example.demoapplication.SplashActivity$initView$1
com.example.demoapplication.databinding.ActivityMainBinding
com.example.demoapplication.databinding.ActivitySplashBinding
com.example.demoapplication.navigation.SumFragmentNavigator$$InternalSyntheticThrowCCEIfNotNull$7$b6d17447243b9b2dfa6ee7b797f353641185f4f692141a68a350f82669525eec$0
com.example.demoapplication.navigation.SumFragmentNavigator:
    public static final int $stable
...
androidx.compose.foundation.text.selection.SelectionManagerKt$WhenMappings
androidx.compose.foundation.text.selection.SelectionManagerKt
androidx.compose.foundation.text.selection.SelectionManager_androidKt$selectionMagnifier$1$1
androidx.compose.foundation.text.selection.SelectionManager_androidKt$selectionMagnifier$1$2$1$1
androidx.compose.foundation.text.selection.SelectionManager_androidKt$selectionMagnifier$1$2$1$2
androidx.compose.foundation.text.selection.SelectionManager_androidKt$selectionMagnifier$1$2$1
androidx.compose.foundation.text.selection.SelectionManager_androidKt$selectionMagnifier$1
androidx.compose.foundation.text.selection.SelectionManager_androidKt
androidx.compose.foundation.text.selection.SelectionMode$Horizontal
androidx.compose.foundation.text.selection.SelectionMode$Vertical
androidx.compose.foundation.text.selection.SelectionMode
androidx.compose.foundation.text.selection.SelectionRegistrar$Companion
androidx.compose.foundation.text.selection.SelectionRegistrar
androidx.compose.foundation.text.selection.SelectionRegistrarImpl
androidx.compose.foundation.text.selection.SelectionRegistrarKt$LocalSelectionRegistrar$1
androidx.compose.foundation.text.selection.SelectionRegistrarKt
androidx.compose.foundation.text.selection.SimpleLayoutKt$SimpleLayout$1$measure$1
androidx.compose.foundation.text.selection.SimpleLayoutKt$SimpleLayout$1
androidx.compose.foundation.text.selection.SimpleLayoutKt$SimpleLayout$2
androidx.compose.foundation.text.selection.SimpleLayoutKt
androidx.compose.foundation.text.selection.TextFieldPreparedSelection
androidx.compose.foundation.text.selection.TextFieldSelectionDelegateKt
androidx.compose.foundation.text.selection.TextFieldSelectionManager$cursorDragObserver$1
androidx.compose.foundation.text.selection.TextFieldSelectionManager$handleDragObserver$1
androidx.compose.foundation.text.selection.TextFieldSelectionManager$mouseSelectionObserver$1
androidx.compose.foundation.text.selection.TextFieldSelectionManager$onValueChange$1
androidx.compose.foundation.text.selection.TextFieldSelectionManager$showSelectionToolbar$copy$1
androidx.compose.foundation.text.selection.TextFieldSelectionManager$showSelectionToolbar$cut$1
androidx.compose.foundation.text.selection.TextFieldSelectionManager$showSelectionToolbar$paste$1
androidx.compose.foundation.text.selection.TextFieldSelectionManager$showSelectionToolbar$selectAll$1
androidx.compose.foundation.text.selection.TextFieldSelectionManager$touchSelectionObserver$1
androidx.compose.foundation.text.selection.TextFieldSelectionManager
androidx.compose.foundation.text.selection.TextFieldSelectionManagerKt$TextFieldSelectionHandle$1
androidx.compose.foundation.text.selection.TextFieldSelectionManagerKt$TextFieldSelectionHandle$2
androidx.compose.foundation.text.selection.TextFieldSelectionManagerKt$WhenMappings
androidx.compose.foundation.text.selection.TextFieldSelectionManagerKt
androidx.compose.foundation.text.selection.TextFieldSelectionManager_androidKt$textFieldMagnifier$1$1
androidx.compose.foundation.text.selection.TextFieldSelectionManager_androidKt$textFieldMagnifier$1$2$1$1
androidx.compose.foundation.text.selection.TextFieldSelectionManager_androidKt$textFieldMagnifier$1$2$1$2
androidx.compose.foundation.text.selection.TextFieldSelectionManager_androidKt$textFieldMagnifier$1$2$1
androidx.compose.foundation.text.selection.TextFieldSelectionManager_androidKt$textFieldMagnifier$1
androidx.compose.foundation.text.selection.TextFieldSelectionManager_androidKt
androidx.compose.foundation.text.selection.TextPreparedSelection
androidx.compose.foundation.text.selection.TextPreparedSelectionState
androidx.compose.foundation.text.selection.TextSelectionColors
androidx.compose.foundation.text.selection.TextSelectionColorsKt$LocalTextSelectionColors$1
androidx.compose.foundation.text.selection.TextSelectionColorsKt
androidx.compose.foundation.text.selection.TextSelectionDelegateKt